F:\LHCHEN\OPENCV\OPENCV\OBJ\RELEASE\MAIN.OBJ
F:\LHCHEN\OPENCV\OPENCV\OBJ\RELEASE\VC100.PDB
C:\USERS\LITSUNGHSUAN\DESKTOP\摔下床\OPENCV\OPENCV\OBJ\RELEASE\MAIN.OBJ
C:\USERS\LITSUNGHSUAN\DESKTOP\摔下床\OPENCV\OPENCV\OBJ\RELEASE\VC100.PDB
F:\LHCHEN\OPENCV\OPENCV\BIN\RELEASE\OPENCV.EXE
F:\LHCHEN\OPENCV\OPENCV\OBJ\RELEASE\OPENCV.EXE.INTERMEDIATE.MANIFEST
F:\LHCHEN\OPENCV\OPENCV\BIN\RELEASE\OPENCV.PDB
C:\USERS\LITSUNGHSUAN\DESKTOP\摔下床\OPENCV\OPENCV\BIN\RELEASE\OPENCV.EXE
C:\USERS\LITSUNGHSUAN\DESKTOP\摔下床\OPENCV\OPENCV\OBJ\RELEASE\OPENCV.EXE.INTERMEDIATE.MANIFEST
C:\USERS\LITSUNGHSUAN\DESKTOP\摔下床\OPENCV\OPENCV\BIN\RELEASE\OPENCV.PDB
C:\Users\kris\Desktop\影像處理\openCV sample-VS2012\openCV\openCV\obj\Release\main.obj
C:\Users\kris\Desktop\影像處理\openCV sample-VS2012\openCV\openCV\obj\Release\cl.command.1.tlog
C:\Users\kris\Desktop\影像處理\openCV sample-VS2012\openCV\openCV\obj\Release\CL.read.1.tlog
C:\Users\kris\Desktop\影像處理\openCV sample-VS2012\openCV\openCV\obj\Release\CL.write.1.tlog
C:\Users\kris\Desktop\影像處理\openCV sample-VS2012\openCV\openCV\obj\Release\link.command.1.tlog
C:\Users\kris\Desktop\影像處理\openCV sample-VS2012\openCV\openCV\obj\Release\link.read.1.tlog
C:\Users\kris\Desktop\影像處理\openCV sample-VS2012\openCV\openCV\obj\Release\link.write.1.tlog
C:\Users\kris\Desktop\影像處理\openCV sample-VS2012\openCV\openCV\obj\Release\mt.command.1.tlog
C:\Users\kris\Desktop\影像處理\openCV sample-VS2012\openCV\openCV\obj\Release\mt.read.1.tlog
C:\Users\kris\Desktop\影像處理\openCV sample-VS2012\openCV\openCV\obj\Release\mt.write.1.tlog
C:\Users\kris\Desktop\影像處理\openCV sample-VS2012\openCV\openCV\obj\Release\openCV.exe.intermediate.manifest
C:\Users\kris\Desktop\影像處理\openCV sample-VS2012\openCV\openCV\obj\Release\vc100.pdb
C:\Users\kris\Desktop\影像處理\openCV sample-VS2012\openCV\openCV\obj\Release\vc120.pdb
C:\Users\kris\Desktop\影像處理\openCV sample-VS2012\openCV\openCV\obj\Release\vc140.pdb
C:\Users\kris\Desktop\影像處理\openCV sample-VS2012\openCV\openCV\bin\Release\openCV.exe
